{"/home/ziyang/Documents/www/vue3-verify/src/constants.ts": {"path":"/home/ziyang/Documents/www/vue3-verify/src/constants.ts","statementMap":{"0":{"start":{"line":4,"column":28},"end":{"line":15,"column":null}},"1":{"start":{"line":22,"column":29},"end":{"line":33,"column":null}},"2":{"start":{"line":40,"column":30},"end":{"line":59,"column":null}},"3":{"start":{"line":64,"column":26},"end":{"line":64,"column":null}},"4":{"start":{"line":69,"column":30},"end":{"line":75,"column":null}}},"fnMap":{},"branchMap":{},"s":{"0":1,"1":1,"2":1,"3":1,"4":1},"f":{},"b":{},"meta":{"lastBranch":0,"lastFunction":0,"lastStatement":5,"seen":{"s:4:28:15:Infinity":0,"s:22:29:33:Infinity":1,"s:40:30:59:Infinity":2,"s:64:26:64:Infinity":3,"s:69:30:75:Infinity":4}}}
,"/home/ziyang/Documents/www/vue3-verify/src/utils.ts": {"path":"/home/ziyang/Documents/www/vue3-verify/src/utils.ts","statementMap":{"0":{"start":{"line":9,"column":2},"end":{"line":13,"column":null}},"1":{"start":{"line":10,"column":16},"end":{"line":10,"column":null}},"2":{"start":{"line":11,"column":4},"end":{"line":11,"column":null}},"3":{"start":{"line":12,"column":4},"end":{"line":12,"column":null}},"4":{"start":{"line":14,"column":2},"end":{"line":29,"column":null}},"5":{"start":{"line":15,"column":16},"end":{"line":15,"column":null}},"6":{"start":{"line":16,"column":4},"end":{"line":16,"column":null}},"7":{"start":{"line":17,"column":20},"end":{"line":19,"column":null}},"8":{"start":{"line":18,"column":6},"end":{"line":18,"column":null}},"9":{"start":{"line":20,"column":4},"end":{"line":23,"column":null}},"10":{"start":{"line":21,"column":6},"end":{"line":21,"column":null}},"11":{"start":{"line":22,"column":6},"end":{"line":22,"column":null}},"12":{"start":{"line":24,"column":4},"end":{"line":27,"column":null}},"13":{"start":{"line":25,"column":6},"end":{"line":25,"column":null}},"14":{"start":{"line":26,"column":6},"end":{"line":26,"column":null}},"15":{"start":{"line":28,"column":4},"end":{"line":28,"column":null}},"16":{"start":{"line":33,"column":25},"end":{"line":34,"column":null}},"17":{"start":{"line":34,"column":2},"end":{"line":34,"column":null}},"18":{"start":{"line":36,"column":25},"end":{"line":36,"column":null}},"19":{"start":{"line":36,"column":55},"end":{"line":36,"column":null}},"20":{"start":{"line":39,"column":14},"end":{"line":39,"column":null}},"21":{"start":{"line":42,"column":15},"end":{"line":42,"column":null}},"22":{"start":{"line":43,"column":2},"end":{"line":45,"column":null}},"23":{"start":{"line":43,"column":15},"end":{"line":43,"column":18}},"24":{"start":{"line":44,"column":4},"end":{"line":44,"column":null}},"25":{"start":{"line":46,"column":2},"end":{"line":46,"column":null}},"26":{"start":{"line":51,"column":12},"end":{"line":51,"column":null}},"27":{"start":{"line":52,"column":12},"end":{"line":52,"column":null}},"28":{"start":{"line":53,"column":12},"end":{"line":53,"column":null}},"29":{"start":{"line":54,"column":2},"end":{"line":54,"column":null}},"30":{"start":{"line":62,"column":16},"end":{"line":62,"column":null}},"31":{"start":{"line":63,"column":16},"end":{"line":63,"column":null}},"32":{"start":{"line":64,"column":16},"end":{"line":64,"column":null}},"33":{"start":{"line":66,"column":18},"end":{"line":66,"column":null}},"34":{"start":{"line":67,"column":18},"end":{"line":67,"column":null}},"35":{"start":{"line":68,"column":18},"end":{"line":68,"column":null}},"36":{"start":{"line":70,"column":2},"end":{"line":70,"column":null}},"37":{"start":{"line":85,"column":21},"end":{"line":85,"column":null}},"38":{"start":{"line":87,"column":22},"end":{"line":87,"column":null}},"39":{"start":{"line":89,"column":23},"end":{"line":89,"column":null}},"40":{"start":{"line":90,"column":21},"end":{"line":90,"column":null}},"41":{"start":{"line":93,"column":2},"end":{"line":104,"column":null}},"42":{"start":{"line":94,"column":4},"end":{"line":103,"column":null}},"43":{"start":{"line":95,"column":24},"end":{"line":95,"column":null}},"44":{"start":{"line":96,"column":24},"end":{"line":96,"column":null}},"45":{"start":{"line":97,"column":24},"end":{"line":97,"column":null}},"46":{"start":{"line":98,"column":6},"end":{"line":98,"column":null}},"47":{"start":{"line":99,"column":6},"end":{"line":99,"column":null}},"48":{"start":{"line":102,"column":6},"end":{"line":102,"column":null}},"49":{"start":{"line":107,"column":23},"end":{"line":107,"column":null}},"50":{"start":{"line":111,"column":2},"end":{"line":119,"column":null}},"51":{"start":{"line":113,"column":18},"end":{"line":113,"column":null}},"52":{"start":{"line":114,"column":4},"end":{"line":114,"column":null}},"53":{"start":{"line":117,"column":18},"end":{"line":117,"column":null}},"54":{"start":{"line":118,"column":4},"end":{"line":118,"column":null}}},"fnMap":{"0":{"name":"loadImage","decl":{"start":{"line":6,"column":16},"end":{"line":6,"column":26}},"loc":{"start":{"line":6,"column":66},"end":{"line":30,"column":null}},"line":6},"1":{"name":"(anonymous_1)","decl":{"start":{"line":14,"column":21},"end":{"line":14,"column":22}},"loc":{"start":{"line":14,"column":42},"end":{"line":29,"column":3}},"line":14},"2":{"name":"(anonymous_2)","decl":{"start":{"line":17,"column":31},"end":{"line":17,"column":37}},"loc":{"start":{"line":17,"column":37},"end":{"line":19,"column":7}},"line":17},"3":{"name":"(anonymous_3)","decl":{"start":{"line":20,"column":33},"end":{"line":20,"column":39}},"loc":{"start":{"line":20,"column":39},"end":{"line":23,"column":5}},"line":20},"4":{"name":"(anonymous_4)","decl":{"start":{"line":24,"column":34},"end":{"line":24,"column":39}},"loc":{"start":{"line":24,"column":39},"end":{"line":27,"column":5}},"line":24},"5":{"name":"(anonymous_5)","decl":{"start":{"line":33,"column":25},"end":{"line":33,"column":26}},"loc":{"start":{"line":34,"column":2},"end":{"line":34,"column":null}},"line":34},"6":{"name":"(anonymous_6)","decl":{"start":{"line":36,"column":25},"end":{"line":36,"column":26}},"loc":{"start":{"line":36,"column":55},"end":{"line":36,"column":null}},"line":36},"7":{"name":"randomCode","decl":{"start":{"line":41,"column":16},"end":{"line":41,"column":27}},"loc":{"start":{"line":41,"column":52},"end":{"line":47,"column":null}},"line":41},"8":{"name":"randomColor","decl":{"start":{"line":50,"column":16},"end":{"line":50,"column":28}},"loc":{"start":{"line":50,"column":72},"end":{"line":55,"column":null}},"line":50},"9":{"name":"getRelativeLuminance","decl":{"start":{"line":61,"column":9},"end":{"line":61,"column":30}},"loc":{"start":{"line":61,"column":71},"end":{"line":71,"column":null}},"line":61},"10":{"name":"calculateContrastColor","decl":{"start":{"line":80,"column":16},"end":{"line":80,"column":null}},"loc":{"start":{"line":83,"column":10},"end":{"line":120,"column":null}},"line":83}},"branchMap":{"0":{"loc":{"start":{"line":9,"column":2},"end":{"line":13,"column":null}},"type":"if","locations":[{"start":{"line":9,"column":2},"end":{"line":13,"column":null}},{"start":{},"end":{}}],"line":9},"1":{"loc":{"start":{"line":41,"column":27},"end":{"line":41,"column":52}},"type":"default-arg","locations":[{"start":{"line":41,"column":41},"end":{"line":41,"column":52}}],"line":41},"2":{"loc":{"start":{"line":50,"column":28},"end":{"line":50,"column":45}},"type":"default-arg","locations":[{"start":{"line":50,"column":42},"end":{"line":50,"column":45}}],"line":50},"3":{"loc":{"start":{"line":50,"column":45},"end":{"line":50,"column":72}},"type":"default-arg","locations":[{"start":{"line":50,"column":59},"end":{"line":50,"column":72}}],"line":50},"4":{"loc":{"start":{"line":66,"column":18},"end":{"line":66,"column":null}},"type":"cond-expr","locations":[{"start":{"line":66,"column":37},"end":{"line":66,"column":55}},{"start":{"line":66,"column":45},"end":{"line":66,"column":null}}],"line":66},"5":{"loc":{"start":{"line":67,"column":18},"end":{"line":67,"column":null}},"type":"cond-expr","locations":[{"start":{"line":67,"column":37},"end":{"line":67,"column":55}},{"start":{"line":67,"column":45},"end":{"line":67,"column":null}}],"line":67},"6":{"loc":{"start":{"line":68,"column":18},"end":{"line":68,"column":null}},"type":"cond-expr","locations":[{"start":{"line":68,"column":37},"end":{"line":68,"column":55}},{"start":{"line":68,"column":45},"end":{"line":68,"column":null}}],"line":68},"7":{"loc":{"start":{"line":107,"column":23},"end":{"line":107,"column":null}},"type":"cond-expr","locations":[{"start":{"line":107,"column":42},"end":{"line":107,"column":74}},{"start":{"line":107,"column":74},"end":{"line":107,"column":null}}],"line":107},"8":{"loc":{"start":{"line":111,"column":2},"end":{"line":119,"column":null}},"type":"if","locations":[{"start":{"line":111,"column":2},"end":{"line":119,"column":null}},{"start":{"line":115,"column":9},"end":{"line":119,"column":null}}],"line":111}},"s":{"0":44,"1":1,"2":1,"3":1,"4":43,"5":43,"6":43,"7":43,"8":1,"9":43,"10":0,"11":0,"12":43,"13":0,"14":0,"15":43,"16":6,"17":289,"18":6,"19":100,"20":6,"21":4,"22":4,"23":4,"24":32,"25":4,"26":51,"27":51,"28":51,"29":51,"30":2,"31":2,"32":2,"33":2,"34":2,"35":2,"36":2,"37":3,"38":3,"39":3,"40":3,"41":3,"42":3,"43":3,"44":3,"45":3,"46":3,"47":3,"48":1,"49":3,"50":3,"51":1,"52":1,"53":2,"54":2},"f":{"0":44,"1":43,"2":1,"3":0,"4":0,"5":289,"6":100,"7":4,"8":51,"9":2,"10":3},"b":{"0":[1,43],"1":[4],"2":[51],"3":[51],"4":[1,1],"5":[1,1],"6":[1,1],"7":[2,1],"8":[1,2]},"meta":{"lastBranch":9,"lastFunction":11,"lastStatement":55,"seen":{"f:6:16:6:26":0,"b:9:2:13:Infinity:undefined:undefined:undefined:undefined":0,"s:9:2:13:Infinity":0,"s:10:16:10:Infinity":1,"s:11:4:11:Infinity":2,"s:12:4:12:Infinity":3,"s:14:2:29:Infinity":4,"f:14:21:14:22":1,"s:15:16:15:Infinity":5,"s:16:4:16:Infinity":6,"s:17:20:19:Infinity":7,"f:17:31:17:37":2,"s:18:6:18:Infinity":8,"s:20:4:23:Infinity":9,"f:20:33:20:39":3,"s:21:6:21:Infinity":10,"s:22:6:22:Infinity":11,"s:24:4:27:Infinity":12,"f:24:34:24:39":4,"s:25:6:25:Infinity":13,"s:26:6:26:Infinity":14,"s:28:4:28:Infinity":15,"s:33:25:34:Infinity":16,"f:33:25:33:26":5,"s:34:2:34:Infinity":17,"s:36:25:36:Infinity":18,"f:36:25:36:26":6,"s:36:55:36:Infinity":19,"s:39:14:39:Infinity":20,"f:41:16:41:27":7,"b:41:41:41:52":1,"s:42:15:42:Infinity":21,"s:43:2:45:Infinity":22,"s:43:15:43:18":23,"s:44:4:44:Infinity":24,"s:46:2:46:Infinity":25,"f:50:16:50:28":8,"b:50:42:50:45":2,"b:50:59:50:72":3,"s:51:12:51:Infinity":26,"s:52:12:52:Infinity":27,"s:53:12:53:Infinity":28,"s:54:2:54:Infinity":29,"f:61:9:61:30":9,"s:62:16:62:Infinity":30,"s:63:16:63:Infinity":31,"s:64:16:64:Infinity":32,"s:66:18:66:Infinity":33,"b:66:37:66:55:66:45:66:Infinity":4,"s:67:18:67:Infinity":34,"b:67:37:67:55:67:45:67:Infinity":5,"s:68:18:68:Infinity":35,"b:68:37:68:55:68:45:68:Infinity":6,"s:70:2:70:Infinity":36,"f:80:16:80:Infinity":10,"s:85:21:85:Infinity":37,"s:87:22:87:Infinity":38,"s:89:23:89:Infinity":39,"s:90:21:90:Infinity":40,"s:93:2:104:Infinity":41,"s:94:4:103:Infinity":42,"s:95:24:95:Infinity":43,"s:96:24:96:Infinity":44,"s:97:24:97:Infinity":45,"s:98:6:98:Infinity":46,"s:99:6:99:Infinity":47,"s:102:6:102:Infinity":48,"s:107:23:107:Infinity":49,"b:107:42:107:74:107:74:107:Infinity":7,"b:111:2:119:Infinity:115:9:119:Infinity":8,"s:111:2:119:Infinity":50,"s:113:18:113:Infinity":51,"s:114:4:114:Infinity":52,"s:117:18:117:Infinity":53,"s:118:4:118:Infinity":54}}}
,"/home/ziyang/Documents/www/vue3-verify/src/components/CodeVerify.vue": {"path":"/home/ziyang/Documents/www/vue3-verify/src/components/CodeVerify.vue","statementMap":{"0":{"start":{"line":21,"column":14},"end":{"line":21,"column":null}},"1":{"start":{"line":30,"column":13},"end":{"line":30,"column":null}},"2":{"start":{"line":35,"column":6},"end":{"line":35,"column":null}},"3":{"start":{"line":36,"column":6},"end":{"line":36,"column":null}},"4":{"start":{"line":37,"column":6},"end":{"line":37,"column":null}},"5":{"start":{"line":38,"column":6},"end":{"line":38,"column":null}},"6":{"start":{"line":39,"column":6},"end":{"line":39,"column":null}},"7":{"start":{"line":40,"column":6},"end":{"line":40,"column":null}},"8":{"start":{"line":43,"column":6},"end":{"line":48,"column":null}},"9":{"start":{"line":44,"column":2},"end":{"line":46,"column":null}},"10":{"start":{"line":45,"column":4},"end":{"line":45,"column":null}},"11":{"start":{"line":47,"column":2},"end":{"line":47,"column":null}},"12":{"start":{"line":50,"column":6},"end":{"line":55,"column":null}},"13":{"start":{"line":51,"column":2},"end":{"line":53,"column":null}},"14":{"start":{"line":52,"column":4},"end":{"line":52,"column":null}},"15":{"start":{"line":54,"column":2},"end":{"line":54,"column":null}},"16":{"start":{"line":58,"column":2},"end":{"line":58,"column":null}},"17":{"start":{"line":58,"column":21},"end":{"line":58,"column":null}},"18":{"start":{"line":60,"column":14},"end":{"line":60,"column":null}},"19":{"start":{"line":61,"column":2},"end":{"line":61,"column":null}},"20":{"start":{"line":61,"column":12},"end":{"line":61,"column":null}},"21":{"start":{"line":63,"column":12},"end":{"line":63,"column":null}},"22":{"start":{"line":64,"column":12},"end":{"line":64,"column":null}},"23":{"start":{"line":67,"column":2},"end":{"line":67,"column":null}},"24":{"start":{"line":68,"column":2},"end":{"line":68,"column":null}},"25":{"start":{"line":70,"column":2},"end":{"line":76,"column":null}},"26":{"start":{"line":72,"column":4},"end":{"line":72,"column":null}},"27":{"start":{"line":75,"column":4},"end":{"line":75,"column":null}},"28":{"start":{"line":80,"column":2},"end":{"line":80,"column":null}},"29":{"start":{"line":81,"column":2},"end":{"line":81,"column":null}},"30":{"start":{"line":84,"column":2},"end":{"line":90,"column":null}},"31":{"start":{"line":84,"column":15},"end":{"line":84,"column":18}},"32":{"start":{"line":85,"column":4},"end":{"line":85,"column":null}},"33":{"start":{"line":86,"column":4},"end":{"line":86,"column":null}},"34":{"start":{"line":87,"column":4},"end":{"line":87,"column":null}},"35":{"start":{"line":88,"column":4},"end":{"line":88,"column":null}},"36":{"start":{"line":89,"column":4},"end":{"line":89,"column":null}},"37":{"start":{"line":93,"column":2},"end":{"line":101,"column":null}},"38":{"start":{"line":94,"column":4},"end":{"line":94,"column":null}},"39":{"start":{"line":95,"column":4},"end":{"line":95,"column":null}},"40":{"start":{"line":96,"column":4},"end":{"line":96,"column":null}},"41":{"start":{"line":97,"column":4},"end":{"line":97,"column":null}},"42":{"start":{"line":98,"column":4},"end":{"line":98,"column":null}},"43":{"start":{"line":99,"column":4},"end":{"line":99,"column":null}},"44":{"start":{"line":100,"column":4},"end":{"line":100,"column":null}},"45":{"start":{"line":104,"column":2},"end":{"line":107,"column":null}},"46":{"start":{"line":104,"column":15},"end":{"line":104,"column":18}},"47":{"start":{"line":105,"column":4},"end":{"line":105,"column":null}},"48":{"start":{"line":106,"column":4},"end":{"line":106,"column":null}},"49":{"start":{"line":112,"column":6},"end":{"line":112,"column":null}},"50":{"start":{"line":113,"column":6},"end":{"line":113,"column":null}},"51":{"start":{"line":116,"column":20},"end":{"line":116,"column":null}},"52":{"start":{"line":119,"column":2},"end":{"line":125,"column":null}},"53":{"start":{"line":121,"column":4},"end":{"line":121,"column":null}},"54":{"start":{"line":124,"column":4},"end":{"line":124,"column":null}},"55":{"start":{"line":127,"column":19},"end":{"line":127,"column":null}},"56":{"start":{"line":130,"column":15},"end":{"line":130,"column":null}},"57":{"start":{"line":131,"column":2},"end":{"line":145,"column":null}},"58":{"start":{"line":133,"column":6},"end":{"line":133,"column":null}},"59":{"start":{"line":134,"column":6},"end":{"line":134,"column":null}},"60":{"start":{"line":137,"column":6},"end":{"line":139,"column":null}},"61":{"start":{"line":138,"column":8},"end":{"line":138,"column":null}},"62":{"start":{"line":140,"column":6},"end":{"line":140,"column":null}},"63":{"start":{"line":141,"column":6},"end":{"line":141,"column":null}},"64":{"start":{"line":143,"column":6},"end":{"line":143,"column":null}},"65":{"start":{"line":144,"column":6},"end":{"line":144,"column":null}},"66":{"start":{"line":147,"column":2},"end":{"line":147,"column":null}},"67":{"start":{"line":148,"column":2},"end":{"line":148,"column":null}},"68":{"start":{"line":151,"column":2},"end":{"line":157,"column":null}},"69":{"start":{"line":151,"column":15},"end":{"line":151,"column":18}},"70":{"start":{"line":152,"column":4},"end":{"line":152,"column":null}},"71":{"start":{"line":153,"column":4},"end":{"line":153,"column":null}},"72":{"start":{"line":154,"column":4},"end":{"line":154,"column":null}},"73":{"start":{"line":155,"column":4},"end":{"line":155,"column":null}},"74":{"start":{"line":156,"column":4},"end":{"line":156,"column":null}},"75":{"start":{"line":160,"column":2},"end":{"line":160,"column":null}},"76":{"start":{"line":161,"column":2},"end":{"line":161,"column":null}},"77":{"start":{"line":162,"column":2},"end":{"line":162,"column":null}},"78":{"start":{"line":163,"column":2},"end":{"line":163,"column":null}},"79":{"start":{"line":164,"column":2},"end":{"line":164,"column":null}},"80":{"start":{"line":165,"column":2},"end":{"line":165,"column":null}},"81":{"start":{"line":166,"column":2},"end":{"line":166,"column":null}},"82":{"start":{"line":169,"column":2},"end":{"line":172,"column":null}},"83":{"start":{"line":169,"column":15},"end":{"line":169,"column":18}},"84":{"start":{"line":170,"column":4},"end":{"line":170,"column":null}},"85":{"start":{"line":171,"column":4},"end":{"line":171,"column":null}},"86":{"start":{"line":176,"column":2},"end":{"line":176,"column":null}},"87":{"start":{"line":177,"column":2},"end":{"line":177,"column":null}},"88":{"start":{"line":178,"column":2},"end":{"line":178,"column":null}},"89":{"start":{"line":179,"column":2},"end":{"line":179,"column":null}},"90":{"start":{"line":183,"column":2},"end":{"line":186,"column":null}},"91":{"start":{"line":184,"column":4},"end":{"line":184,"column":null}},"92":{"start":{"line":185,"column":4},"end":{"line":185,"column":null}},"93":{"start":{"line":187,"column":2},"end":{"line":187,"column":null}},"94":{"start":{"line":190,"column":0},"end":{"line":193,"column":null}},"95":{"start":{"line":191,"column":2},"end":{"line":191,"column":null}},"96":{"start":{"line":192,"column":2},"end":{"line":192,"column":null}},"97":{"start":{"line":195,"column":0},"end":{"line":195,"column":null}}},"fnMap":{"0":{"name":"(anonymous_0)","decl":{"start":{"line":43,"column":29},"end":{"line":43,"column":35}},"loc":{"start":{"line":43,"column":35},"end":{"line":48,"column":1}},"line":43},"1":{"name":"(anonymous_1)","decl":{"start":{"line":50,"column":30},"end":{"line":50,"column":36}},"loc":{"start":{"line":50,"column":36},"end":{"line":55,"column":1}},"line":50},"2":{"name":"draw","decl":{"start":{"line":57,"column":9},"end":{"line":57,"column":16}},"loc":{"start":{"line":57,"column":16},"end":{"line":77,"column":null}},"line":57},"3":{"name":"drawPicture","decl":{"start":{"line":79,"column":9},"end":{"line":79,"column":21}},"loc":{"start":{"line":79,"column":74},"end":{"line":108,"column":null}},"line":79},"4":{"name":"(anonymous_4)","decl":{"start":{"line":93,"column":31},"end":{"line":93,"column":32}},"loc":{"start":{"line":93,"column":44},"end":{"line":101,"column":3}},"line":93},"5":{"name":"drawCompute","decl":{"start":{"line":110,"column":9},"end":{"line":110,"column":21}},"loc":{"start":{"line":110,"column":74},"end":{"line":173,"column":null}},"line":110},"6":{"name":"refresh","decl":{"start":{"line":175,"column":9},"end":{"line":175,"column":19}},"loc":{"start":{"line":175,"column":19},"end":{"line":180,"column":null}},"line":175},"7":{"name":"verify","decl":{"start":{"line":182,"column":9},"end":{"line":182,"column":16}},"loc":{"start":{"line":182,"column":40},"end":{"line":188,"column":null}},"line":182},"8":{"name":"(anonymous_8)","decl":{"start":{"line":190,"column":10},"end":{"line":190,"column":16}},"loc":{"start":{"line":190,"column":16},"end":{"line":193,"column":1}},"line":190}},"branchMap":{"0":{"loc":{"start":{"line":44,"column":2},"end":{"line":46,"column":null}},"type":"if","locations":[{"start":{"line":44,"column":2},"end":{"line":46,"column":null}},{"start":{},"end":{}}],"line":44},"1":{"loc":{"start":{"line":45,"column":11},"end":{"line":45,"column":null}},"type":"cond-expr","locations":[{"start":{"line":45,"column":38},"end":{"line":45,"column":44}},{"start":{"line":45,"column":44},"end":{"line":45,"column":null}}],"line":45},"2":{"loc":{"start":{"line":51,"column":2},"end":{"line":53,"column":null}},"type":"if","locations":[{"start":{"line":51,"column":2},"end":{"line":53,"column":null}},{"start":{},"end":{}}],"line":51},"3":{"loc":{"start":{"line":52,"column":11},"end":{"line":52,"column":null}},"type":"cond-expr","locations":[{"start":{"line":52,"column":38},"end":{"line":52,"column":43}},{"start":{"line":52,"column":43},"end":{"line":52,"column":null}}],"line":52},"4":{"loc":{"start":{"line":58,"column":2},"end":{"line":58,"column":null}},"type":"if","locations":[{"start":{"line":58,"column":2},"end":{"line":58,"column":null}},{"start":{},"end":{}}],"line":58},"5":{"loc":{"start":{"line":61,"column":2},"end":{"line":61,"column":null}},"type":"if","locations":[{"start":{"line":61,"column":2},"end":{"line":61,"column":null}},{"start":{},"end":{}}],"line":61},"6":{"loc":{"start":{"line":70,"column":2},"end":{"line":76,"column":null}},"type":"if","locations":[{"start":{"line":70,"column":2},"end":{"line":76,"column":null}},{"start":{"line":73,"column":9},"end":{"line":76,"column":null}}],"line":70},"7":{"loc":{"start":{"line":119,"column":2},"end":{"line":125,"column":null}},"type":"if","locations":[{"start":{"line":119,"column":2},"end":{"line":125,"column":null}},{"start":{"line":122,"column":9},"end":{"line":125,"column":null}}],"line":119},"8":{"loc":{"start":{"line":131,"column":2},"end":{"line":145,"column":null}},"type":"switch","locations":[{"start":{"line":132,"column":4},"end":{"line":134,"column":null}},{"start":{"line":135,"column":4},"end":{"line":141,"column":null}},{"start":{"line":142,"column":4},"end":{"line":144,"column":null}}],"line":131},"9":{"loc":{"start":{"line":137,"column":6},"end":{"line":139,"column":null}},"type":"if","locations":[{"start":{"line":137,"column":6},"end":{"line":139,"column":null}},{"start":{},"end":{}}],"line":137},"10":{"loc":{"start":{"line":183,"column":2},"end":{"line":186,"column":null}},"type":"if","locations":[{"start":{"line":183,"column":2},"end":{"line":186,"column":null}},{"start":{},"end":{}}],"line":183}},"s":{"0":46,"1":46,"2":46,"3":46,"4":46,"5":46,"6":46,"7":46,"8":46,"9":46,"10":3,"11":43,"12":46,"13":46,"14":1,"15":45,"16":54,"17":0,"18":54,"19":54,"20":54,"21":0,"22":0,"23":0,"24":0,"25":0,"26":0,"27":0,"28":0,"29":0,"30":0,"31":0,"32":0,"33":0,"34":0,"35":0,"36":0,"37":0,"38":0,"39":0,"40":0,"41":0,"42":0,"43":0,"44":0,"45":0,"46":0,"47":0,"48":0,"49":0,"50":0,"51":0,"52":0,"53":0,"54":0,"55":0,"56":0,"57":0,"58":0,"59":0,"60":0,"61":0,"62":0,"63":0,"64":0,"65":0,"66":0,"67":0,"68":0,"69":0,"70":0,"71":0,"72":0,"73":0,"74":0,"75":0,"76":0,"77":0,"78":0,"79":0,"80":0,"81":0,"82":0,"83":0,"84":0,"85":0,"86":8,"87":8,"88":8,"89":8,"90":2,"91":0,"92":0,"93":2,"94":46,"95":46,"96":46,"97":46},"f":{"0":46,"1":46,"2":54,"3":0,"4":0,"5":0,"6":8,"7":2,"8":46},"b":{"0":[3,43],"1":[1,2],"2":[1,45],"3":[0,1],"4":[0,54],"5":[54,0],"6":[0,0],"7":[0,0],"8":[0,0,0],"9":[0,0],"10":[0,2]},"meta":{"lastBranch":0,"lastFunction":0,"lastStatement":0,"seen":{}}}
,"/home/ziyang/Documents/www/vue3-verify/src/components/PointsVerify.vue": {"path":"/home/ziyang/Documents/www/vue3-verify/src/components/PointsVerify.vue","statementMap":{"0":{"start":{"line":119,"column":2},"end":{"line":119,"column":null}},"1":{"start":{"line":67,"column":14},"end":{"line":67,"column":null}},"2":{"start":{"line":76,"column":13},"end":{"line":76,"column":null}},"3":{"start":{"line":83,"column":6},"end":{"line":88,"column":null}},"4":{"start":{"line":84,"column":2},"end":{"line":86,"column":null}},"5":{"start":{"line":85,"column":4},"end":{"line":85,"column":null}},"6":{"start":{"line":87,"column":2},"end":{"line":87,"column":null}},"7":{"start":{"line":90,"column":6},"end":{"line":95,"column":null}},"8":{"start":{"line":91,"column":2},"end":{"line":93,"column":null}},"9":{"start":{"line":92,"column":4},"end":{"line":92,"column":null}},"10":{"start":{"line":94,"column":2},"end":{"line":94,"column":null}},"11":{"start":{"line":97,"column":17},"end":{"line":97,"column":null}},"12":{"start":{"line":98,"column":19},"end":{"line":98,"column":null}},"13":{"start":{"line":101,"column":6},"end":{"line":101,"column":null}},"14":{"start":{"line":104,"column":6},"end":{"line":104,"column":null}},"15":{"start":{"line":106,"column":6},"end":{"line":106,"column":null}},"16":{"start":{"line":107,"column":6},"end":{"line":107,"column":null}},"17":{"start":{"line":108,"column":6},"end":{"line":108,"column":null}},"18":{"start":{"line":110,"column":20},"end":{"line":110,"column":null}},"19":{"start":{"line":111,"column":6},"end":{"line":111,"column":null}},"20":{"start":{"line":112,"column":6},"end":{"line":112,"column":null}},"21":{"start":{"line":113,"column":6},"end":{"line":113,"column":null}},"22":{"start":{"line":114,"column":6},"end":{"line":114,"column":null}},"23":{"start":{"line":116,"column":6},"end":{"line":116,"column":null}},"24":{"start":{"line":124,"column":2},"end":{"line":127,"column":null}},"25":{"start":{"line":125,"column":10},"end":{"line":125,"column":null}},"26":{"start":{"line":126,"column":4},"end":{"line":126,"column":null}},"27":{"start":{"line":128,"column":2},"end":{"line":128,"column":null}},"28":{"start":{"line":133,"column":17},"end":{"line":133,"column":null}},"29":{"start":{"line":134,"column":2},"end":{"line":137,"column":null}},"30":{"start":{"line":134,"column":15},"end":{"line":134,"column":34}},"31":{"start":{"line":135,"column":10},"end":{"line":135,"column":null}},"32":{"start":{"line":136,"column":4},"end":{"line":136,"column":null}},"33":{"start":{"line":138,"column":2},"end":{"line":138,"column":null}},"34":{"start":{"line":142,"column":2},"end":{"line":142,"column":null}},"35":{"start":{"line":142,"column":21},"end":{"line":142,"column":null}},"36":{"start":{"line":145,"column":17},"end":{"line":145,"column":null}},"37":{"start":{"line":146,"column":2},"end":{"line":151,"column":null}},"38":{"start":{"line":148,"column":18},"end":{"line":148,"column":null}},"39":{"start":{"line":149,"column":4},"end":{"line":149,"column":null}},"40":{"start":{"line":153,"column":14},"end":{"line":153,"column":null}},"41":{"start":{"line":154,"column":14},"end":{"line":154,"column":null}},"42":{"start":{"line":157,"column":2},"end":{"line":157,"column":null}},"43":{"start":{"line":160,"column":2},"end":{"line":160,"column":null}},"44":{"start":{"line":163,"column":20},"end":{"line":167,"column":null}},"45":{"start":{"line":168,"column":30},"end":{"line":168,"column":null}},"46":{"start":{"line":169,"column":63},"end":{"line":169,"column":null}},"47":{"start":{"line":172,"column":26},"end":{"line":172,"column":null}},"48":{"start":{"line":173,"column":19},"end":{"line":173,"column":null}},"49":{"start":{"line":174,"column":2},"end":{"line":178,"column":null}},"50":{"start":{"line":174,"column":15},"end":{"line":174,"column":18}},"51":{"start":{"line":175,"column":14},"end":{"line":175,"column":null}},"52":{"start":{"line":176,"column":14},"end":{"line":176,"column":null}},"53":{"start":{"line":177,"column":4},"end":{"line":177,"column":null}},"54":{"start":{"line":179,"column":8},"end":{"line":179,"column":null}},"55":{"start":{"line":181,"column":2},"end":{"line":197,"column":null}},"56":{"start":{"line":181,"column":15},"end":{"line":181,"column":18}},"57":{"start":{"line":182,"column":17},"end":{"line":182,"column":null}},"58":{"start":{"line":183,"column":4},"end":{"line":183,"column":null}},"59":{"start":{"line":185,"column":10},"end":{"line":185,"column":null}},"60":{"start":{"line":186,"column":4},"end":{"line":186,"column":null}},"61":{"start":{"line":187,"column":4},"end":{"line":187,"column":null}},"62":{"start":{"line":190,"column":14},"end":{"line":190,"column":null}},"63":{"start":{"line":191,"column":18},"end":{"line":191,"column":null}},"64":{"start":{"line":192,"column":10},"end":{"line":192,"column":null}},"65":{"start":{"line":193,"column":14},"end":{"line":193,"column":null}},"66":{"start":{"line":195,"column":4},"end":{"line":195,"column":null}},"67":{"start":{"line":196,"column":4},"end":{"line":196,"column":null}},"68":{"start":{"line":200,"column":19},"end":{"line":200,"column":null}},"69":{"start":{"line":201,"column":2},"end":{"line":201,"column":null}},"70":{"start":{"line":204,"column":16},"end":{"line":204,"column":null}},"71":{"start":{"line":204,"column":39},"end":{"line":204,"column":45}},"72":{"start":{"line":205,"column":2},"end":{"line":205,"column":null}},"73":{"start":{"line":209,"column":2},"end":{"line":209,"column":null}},"74":{"start":{"line":209,"column":40},"end":{"line":209,"column":null}},"75":{"start":{"line":210,"column":2},"end":{"line":210,"column":null}},"76":{"start":{"line":210,"column":43},"end":{"line":210,"column":null}},"77":{"start":{"line":212,"column":15},"end":{"line":212,"column":null}},"78":{"start":{"line":213,"column":12},"end":{"line":213,"column":null}},"79":{"start":{"line":214,"column":12},"end":{"line":214,"column":null}},"80":{"start":{"line":216,"column":2},"end":{"line":216,"column":null}},"81":{"start":{"line":219,"column":2},"end":{"line":223,"column":null}},"82":{"start":{"line":220,"column":4},"end":{"line":222,"column":null}},"83":{"start":{"line":221,"column":6},"end":{"line":221,"column":null}},"84":{"start":{"line":228,"column":18},"end":{"line":228,"column":null}},"85":{"start":{"line":229,"column":2},"end":{"line":239,"column":null}},"86":{"start":{"line":229,"column":15},"end":{"line":229,"column":18}},"87":{"start":{"line":230,"column":19},"end":{"line":230,"column":null}},"88":{"start":{"line":231,"column":20},"end":{"line":231,"column":null}},"89":{"start":{"line":233,"column":20},"end":{"line":233,"column":null}},"90":{"start":{"line":235,"column":4},"end":{"line":238,"column":null}},"91":{"start":{"line":236,"column":6},"end":{"line":236,"column":null}},"92":{"start":{"line":237,"column":6},"end":{"line":237,"column":null}},"93":{"start":{"line":241,"column":2},"end":{"line":259,"column":null}},"94":{"start":{"line":243,"column":4},"end":{"line":243,"column":null}},"95":{"start":{"line":244,"column":4},"end":{"line":244,"column":null}},"96":{"start":{"line":245,"column":4},"end":{"line":245,"column":null}},"97":{"start":{"line":246,"column":4},"end":{"line":246,"column":null}},"98":{"start":{"line":247,"column":4},"end":{"line":247,"column":null}},"99":{"start":{"line":250,"column":4},"end":{"line":250,"column":null}},"100":{"start":{"line":251,"column":4},"end":{"line":251,"column":null}},"101":{"start":{"line":252,"column":4},"end":{"line":252,"column":null}},"102":{"start":{"line":254,"column":4},"end":{"line":256,"column":null}},"103":{"start":{"line":255,"column":6},"end":{"line":255,"column":null}},"104":{"start":{"line":258,"column":4},"end":{"line":258,"column":null}},"105":{"start":{"line":264,"column":2},"end":{"line":266,"column":null}},"106":{"start":{"line":265,"column":4},"end":{"line":265,"column":null}},"107":{"start":{"line":267,"column":2},"end":{"line":267,"column":null}},"108":{"start":{"line":268,"column":2},"end":{"line":268,"column":null}},"109":{"start":{"line":269,"column":2},"end":{"line":269,"column":null}},"110":{"start":{"line":270,"column":2},"end":{"line":270,"column":null}},"111":{"start":{"line":271,"column":2},"end":{"line":271,"column":null}},"112":{"start":{"line":274,"column":0},"end":{"line":277,"column":null}},"113":{"start":{"line":275,"column":2},"end":{"line":275,"column":null}},"114":{"start":{"line":276,"column":2},"end":{"line":276,"column":null}},"115":{"start":{"line":279,"column":0},"end":{"line":279,"column":null}},"116":{"start":{"line":2,"column":7},"end":{"line":2,"column":null}},"117":{"start":{"line":43,"column":12},"end":{"line":43,"column":34}},"118":{"start":{"line":8,"column":6},"end":{"line":17,"column":null}}},"fnMap":{"0":{"name":"(anonymous_0)","decl":{"start":{"line":83,"column":19},"end":{"line":83,"column":25}},"loc":{"start":{"line":83,"column":25},"end":{"line":88,"column":1}},"line":83},"1":{"name":"(anonymous_1)","decl":{"start":{"line":90,"column":19},"end":{"line":90,"column":25}},"loc":{"start":{"line":90,"column":25},"end":{"line":95,"column":1}},"line":90},"2":{"name":"getRandomChar","decl":{"start":{"line":122,"column":9},"end":{"line":122,"column":23}},"loc":{"start":{"line":122,"column":52},"end":{"line":129,"column":null}},"line":122},"3":{"name":"shuffle","decl":{"start":{"line":132,"column":9},"end":{"line":132,"column":20}},"loc":{"start":{"line":132,"column":35},"end":{"line":139,"column":null}},"line":132},"4":{"name":"draw","decl":{"start":{"line":141,"column":15},"end":{"line":141,"column":22}},"loc":{"start":{"line":141,"column":22},"end":{"line":206,"column":null}},"line":141},"5":{"name":"(anonymous_5)","decl":{"start":{"line":204,"column":34},"end":{"line":204,"column":39}},"loc":{"start":{"line":204,"column":39},"end":{"line":204,"column":45}},"line":204},"6":{"name":"canvasClick","decl":{"start":{"line":208,"column":9},"end":{"line":208,"column":21}},"loc":{"start":{"line":208,"column":36},"end":{"line":224,"column":null}},"line":208},"7":{"name":"(anonymous_7)","decl":{"start":{"line":220,"column":15},"end":{"line":220,"column":21}},"loc":{"start":{"line":220,"column":21},"end":{"line":222,"column":7}},"line":220},"8":{"name":"verify","decl":{"start":{"line":226,"column":9},"end":{"line":226,"column":18}},"loc":{"start":{"line":226,"column":18},"end":{"line":260,"column":null}},"line":226},"9":{"name":"(anonymous_9)","decl":{"start":{"line":254,"column":15},"end":{"line":254,"column":21}},"loc":{"start":{"line":254,"column":21},"end":{"line":256,"column":7}},"line":254},"10":{"name":"refresh","decl":{"start":{"line":262,"column":15},"end":{"line":262,"column":25}},"loc":{"start":{"line":262,"column":25},"end":{"line":272,"column":null}},"line":262},"11":{"name":"(anonymous_11)","decl":{"start":{"line":274,"column":10},"end":{"line":274,"column":22}},"loc":{"start":{"line":274,"column":22},"end":{"line":277,"column":1}},"line":274},"12":{"name":"(anonymous_12)","decl":{"start":{"line":9,"column":43},"end":{"line":9,"column":null}},"loc":{"start":{"line":9,"column":28},"end":{"line":17,"column":null}},"line":9}},"branchMap":{"0":{"loc":{"start":{"line":84,"column":2},"end":{"line":86,"column":null}},"type":"if","locations":[{"start":{"line":84,"column":2},"end":{"line":86,"column":null}},{"start":{},"end":{}}],"line":84},"1":{"loc":{"start":{"line":85,"column":11},"end":{"line":85,"column":null}},"type":"cond-expr","locations":[{"start":{"line":85,"column":53},"end":{"line":85,"column":67}},{"start":{"line":85,"column":67},"end":{"line":85,"column":null}}],"line":85},"2":{"loc":{"start":{"line":91,"column":2},"end":{"line":93,"column":null}},"type":"if","locations":[{"start":{"line":91,"column":2},"end":{"line":93,"column":null}},{"start":{},"end":{}}],"line":91},"3":{"loc":{"start":{"line":92,"column":11},"end":{"line":92,"column":null}},"type":"cond-expr","locations":[{"start":{"line":92,"column":54},"end":{"line":92,"column":69}},{"start":{"line":92,"column":69},"end":{"line":92,"column":null}}],"line":92},"4":{"loc":{"start":{"line":142,"column":2},"end":{"line":142,"column":null}},"type":"if","locations":[{"start":{"line":142,"column":2},"end":{"line":142,"column":null}},{"start":{},"end":{}}],"line":142},"5":{"loc":{"start":{"line":145,"column":17},"end":{"line":145,"column":null}},"type":"binary-expr","locations":[{"start":{"line":145,"column":17},"end":{"line":145,"column":33}},{"start":{"line":145,"column":33},"end":{"line":145,"column":null}}],"line":145},"6":{"loc":{"start":{"line":146,"column":2},"end":{"line":151,"column":null}},"type":"if","locations":[{"start":{"line":146,"column":2},"end":{"line":151,"column":null}},{"start":{},"end":{}}],"line":146},"7":{"loc":{"start":{"line":146,"column":6},"end":{"line":146,"column":49}},"type":"binary-expr","locations":[{"start":{"line":146,"column":6},"end":{"line":146,"column":23}},{"start":{"line":146,"column":23},"end":{"line":146,"column":49}}],"line":146},"8":{"loc":{"start":{"line":193,"column":14},"end":{"line":193,"column":null}},"type":"cond-expr","locations":[{"start":{"line":193,"column":36},"end":{"line":193,"column":54}},{"start":{"line":193,"column":54},"end":{"line":193,"column":null}}],"line":193},"9":{"loc":{"start":{"line":209,"column":2},"end":{"line":209,"column":null}},"type":"if","locations":[{"start":{"line":209,"column":2},"end":{"line":209,"column":null}},{"start":{},"end":{}}],"line":209},"10":{"loc":{"start":{"line":209,"column":6},"end":{"line":209,"column":40}},"type":"binary-expr","locations":[{"start":{"line":209,"column":6},"end":{"line":209,"column":25}},{"start":{"line":209,"column":25},"end":{"line":209,"column":40}}],"line":209},"11":{"loc":{"start":{"line":210,"column":2},"end":{"line":210,"column":null}},"type":"if","locations":[{"start":{"line":210,"column":2},"end":{"line":210,"column":null}},{"start":{},"end":{}}],"line":210},"12":{"loc":{"start":{"line":219,"column":2},"end":{"line":223,"column":null}},"type":"if","locations":[{"start":{"line":219,"column":2},"end":{"line":223,"column":null}},{"start":{},"end":{}}],"line":219},"13":{"loc":{"start":{"line":233,"column":20},"end":{"line":233,"column":null}},"type":"binary-expr","locations":[{"start":{"line":233,"column":20},"end":{"line":233,"column":59}},{"start":{"line":233,"column":59},"end":{"line":233,"column":null}}],"line":233},"14":{"loc":{"start":{"line":235,"column":4},"end":{"line":238,"column":null}},"type":"if","locations":[{"start":{"line":235,"column":4},"end":{"line":238,"column":null}},{"start":{},"end":{}}],"line":235},"15":{"loc":{"start":{"line":241,"column":2},"end":{"line":259,"column":null}},"type":"if","locations":[{"start":{"line":241,"column":2},"end":{"line":259,"column":null}},{"start":{"line":248,"column":9},"end":{"line":259,"column":null}}],"line":241},"16":{"loc":{"start":{"line":264,"column":2},"end":{"line":266,"column":null}},"type":"if","locations":[{"start":{"line":264,"column":2},"end":{"line":266,"column":null}},{"start":{},"end":{}}],"line":264},"17":{"loc":{"start":{"line":264,"column":6},"end":{"line":264,"column":49}},"type":"binary-expr","locations":[{"start":{"line":264,"column":6},"end":{"line":264,"column":23}},{"start":{"line":264,"column":23},"end":{"line":264,"column":49}}],"line":264},"18":{"loc":{"start":{"line":30,"column":65},"end":{"line":31,"column":60}},"type":"binary-expr","locations":[{"start":{"line":30,"column":65},"end":{"line":30,"column":74}},{"start":{"line":30,"column":65},"end":{"line":31,"column":60}}],"line":30}},"s":{"0":2,"1":27,"2":27,"3":27,"4":27,"5":1,"6":26,"7":27,"8":27,"9":1,"10":26,"11":27,"12":27,"13":27,"14":27,"15":27,"16":27,"17":27,"18":27,"19":27,"20":27,"21":27,"22":27,"23":27,"24":0,"25":0,"26":0,"27":0,"28":0,"29":0,"30":0,"31":0,"32":0,"33":0,"34":33,"35":0,"36":33,"37":33,"38":4,"39":4,"40":33,"41":0,"42":0,"43":0,"44":0,"45":0,"46":0,"47":0,"48":0,"49":0,"50":0,"51":0,"52":0,"53":0,"54":0,"55":0,"56":0,"57":0,"58":0,"59":0,"60":0,"61":0,"62":0,"63":0,"64":0,"65":0,"66":0,"67":0,"68":0,"69":0,"70":0,"71":0,"72":0,"73":3,"74":0,"75":3,"76":0,"77":3,"78":3,"79":3,"80":3,"81":3,"82":0,"83":0,"84":0,"85":0,"86":0,"87":0,"88":0,"89":0,"90":0,"91":0,"92":0,"93":0,"94":0,"95":0,"96":0,"97":0,"98":0,"99":0,"100":0,"101":0,"102":0,"103":0,"104":0,"105":6,"106":2,"107":6,"108":6,"109":6,"110":6,"111":6,"112":27,"113":27,"114":0,"115":27,"116":2,"117":2,"118":5},"f":{"0":27,"1":27,"2":0,"3":0,"4":33,"5":0,"6":3,"7":0,"8":0,"9":0,"10":6,"11":27,"12":5},"b":{"0":[1,26],"1":[0,1],"2":[1,26],"3":[0,1],"4":[0,33],"5":[33,32],"6":[4,29],"7":[33,4],"8":[0,0],"9":[0,3],"10":[3,3],"11":[0,3],"12":[0,3],"13":[0,0],"14":[0,0],"15":[0,0],"16":[2,4],"17":[6,2],"18":[34,27]},"meta":{"lastBranch":0,"lastFunction":0,"lastStatement":0,"seen":{}}}
,"/home/ziyang/Documents/www/vue3-verify/src/components/SlideVerify.vue": {"path":"/home/ziyang/Documents/www/vue3-verify/src/components/SlideVerify.vue","statementMap":{"0":{"start":{"line":108,"column":14},"end":{"line":108,"column":null}},"1":{"start":{"line":117,"column":13},"end":{"line":117,"column":null}},"2":{"start":{"line":124,"column":6},"end":{"line":129,"column":null}},"3":{"start":{"line":125,"column":2},"end":{"line":127,"column":null}},"4":{"start":{"line":126,"column":4},"end":{"line":126,"column":null}},"5":{"start":{"line":128,"column":2},"end":{"line":128,"column":null}},"6":{"start":{"line":131,"column":6},"end":{"line":136,"column":null}},"7":{"start":{"line":132,"column":2},"end":{"line":134,"column":null}},"8":{"start":{"line":133,"column":4},"end":{"line":133,"column":null}},"9":{"start":{"line":135,"column":2},"end":{"line":135,"column":null}},"10":{"start":{"line":138,"column":6},"end":{"line":143,"column":null}},"11":{"start":{"line":139,"column":2},"end":{"line":141,"column":null}},"12":{"start":{"line":140,"column":4},"end":{"line":140,"column":null}},"13":{"start":{"line":142,"column":2},"end":{"line":142,"column":null}},"14":{"start":{"line":145,"column":6},"end":{"line":150,"column":null}},"15":{"start":{"line":146,"column":2},"end":{"line":148,"column":null}},"16":{"start":{"line":147,"column":4},"end":{"line":147,"column":null}},"17":{"start":{"line":149,"column":2},"end":{"line":149,"column":null}},"18":{"start":{"line":152,"column":6},"end":{"line":157,"column":null}},"19":{"start":{"line":153,"column":2},"end":{"line":155,"column":null}},"20":{"start":{"line":154,"column":4},"end":{"line":154,"column":null}},"21":{"start":{"line":156,"column":2},"end":{"line":156,"column":null}},"22":{"start":{"line":159,"column":6},"end":{"line":164,"column":null}},"23":{"start":{"line":160,"column":2},"end":{"line":162,"column":null}},"24":{"start":{"line":161,"column":4},"end":{"line":161,"column":null}},"25":{"start":{"line":163,"column":2},"end":{"line":163,"column":null}},"26":{"start":{"line":166,"column":6},"end":{"line":166,"column":null}},"27":{"start":{"line":166,"column":32},"end":{"line":166,"column":55}},"28":{"start":{"line":169,"column":6},"end":{"line":169,"column":null}},"29":{"start":{"line":169,"column":35},"end":{"line":169,"column":71}},"30":{"start":{"line":170,"column":6},"end":{"line":170,"column":null}},"31":{"start":{"line":171,"column":6},"end":{"line":171,"column":null}},"32":{"start":{"line":171,"column":38},"end":{"line":171,"column":78}},"33":{"start":{"line":174,"column":6},"end":{"line":174,"column":null}},"34":{"start":{"line":176,"column":6},"end":{"line":176,"column":null}},"35":{"start":{"line":177,"column":6},"end":{"line":177,"column":null}},"36":{"start":{"line":178,"column":6},"end":{"line":178,"column":null}},"37":{"start":{"line":179,"column":6},"end":{"line":179,"column":null}},"38":{"start":{"line":180,"column":6},"end":{"line":180,"column":null}},"39":{"start":{"line":181,"column":6},"end":{"line":181,"column":null}},"40":{"start":{"line":182,"column":6},"end":{"line":182,"column":null}},"41":{"start":{"line":183,"column":6},"end":{"line":183,"column":null}},"42":{"start":{"line":184,"column":6},"end":{"line":184,"column":null}},"43":{"start":{"line":187,"column":6},"end":{"line":187,"column":null}},"44":{"start":{"line":188,"column":6},"end":{"line":188,"column":null}},"45":{"start":{"line":189,"column":6},"end":{"line":189,"column":null}},"46":{"start":{"line":190,"column":6},"end":{"line":190,"column":null}},"47":{"start":{"line":191,"column":6},"end":{"line":191,"column":null}},"48":{"start":{"line":192,"column":6},"end":{"line":192,"column":null}},"49":{"start":{"line":193,"column":6},"end":{"line":193,"column":null}},"50":{"start":{"line":194,"column":6},"end":{"line":194,"column":null}},"51":{"start":{"line":197,"column":2},"end":{"line":197,"column":null}},"52":{"start":{"line":197,"column":21},"end":{"line":197,"column":null}},"53":{"start":{"line":200,"column":17},"end":{"line":200,"column":null}},"54":{"start":{"line":201,"column":2},"end":{"line":206,"column":null}},"55":{"start":{"line":203,"column":18},"end":{"line":203,"column":null}},"56":{"start":{"line":204,"column":4},"end":{"line":204,"column":null}},"57":{"start":{"line":205,"column":4},"end":{"line":205,"column":null}},"58":{"start":{"line":208,"column":14},"end":{"line":208,"column":null}},"59":{"start":{"line":209,"column":14},"end":{"line":209,"column":null}},"60":{"start":{"line":211,"column":2},"end":{"line":211,"column":null}},"61":{"start":{"line":212,"column":2},"end":{"line":212,"column":null}},"62":{"start":{"line":214,"column":2},"end":{"line":214,"column":null}},"63":{"start":{"line":216,"column":2},"end":{"line":221,"column":null}},"64":{"start":{"line":217,"column":17},"end":{"line":217,"column":null}},"65":{"start":{"line":219,"column":4},"end":{"line":219,"column":null}},"66":{"start":{"line":220,"column":4},"end":{"line":220,"column":null}},"67":{"start":{"line":225,"column":2},"end":{"line":225,"column":null}},"68":{"start":{"line":225,"column":24},"end":{"line":225,"column":null}},"69":{"start":{"line":227,"column":12},"end":{"line":227,"column":null}},"70":{"start":{"line":228,"column":2},"end":{"line":228,"column":null}},"71":{"start":{"line":229,"column":2},"end":{"line":229,"column":null}},"72":{"start":{"line":230,"column":2},"end":{"line":230,"column":null}},"73":{"start":{"line":232,"column":2},"end":{"line":232,"column":null}},"74":{"start":{"line":233,"column":2},"end":{"line":233,"column":null}},"75":{"start":{"line":234,"column":2},"end":{"line":234,"column":null}},"76":{"start":{"line":235,"column":2},"end":{"line":235,"column":null}},"77":{"start":{"line":237,"column":2},"end":{"line":237,"column":null}},"78":{"start":{"line":238,"column":2},"end":{"line":238,"column":null}},"79":{"start":{"line":239,"column":2},"end":{"line":239,"column":null}},"80":{"start":{"line":240,"column":2},"end":{"line":240,"column":null}},"81":{"start":{"line":244,"column":2},"end":{"line":244,"column":null}},"82":{"start":{"line":244,"column":23},"end":{"line":244,"column":null}},"83":{"start":{"line":246,"column":12},"end":{"line":246,"column":null}},"84":{"start":{"line":247,"column":17},"end":{"line":247,"column":null}},"85":{"start":{"line":250,"column":2},"end":{"line":250,"column":null}},"86":{"start":{"line":250,"column":20},"end":{"line":250,"column":null}},"87":{"start":{"line":251,"column":2},"end":{"line":258,"column":null}},"88":{"start":{"line":252,"column":4},"end":{"line":252,"column":null}},"89":{"start":{"line":253,"column":4},"end":{"line":255,"column":null}},"90":{"start":{"line":254,"column":6},"end":{"line":254,"column":null}},"91":{"start":{"line":257,"column":4},"end":{"line":257,"column":null}},"92":{"start":{"line":260,"column":2},"end":{"line":260,"column":null}},"93":{"start":{"line":264,"column":2},"end":{"line":264,"column":null}},"94":{"start":{"line":264,"column":23},"end":{"line":264,"column":null}},"95":{"start":{"line":266,"column":2},"end":{"line":266,"column":null}},"96":{"start":{"line":267,"column":2},"end":{"line":267,"column":null}},"97":{"start":{"line":268,"column":2},"end":{"line":268,"column":null}},"98":{"start":{"line":269,"column":2},"end":{"line":269,"column":null}},"99":{"start":{"line":270,"column":2},"end":{"line":270,"column":null}},"100":{"start":{"line":272,"column":19},"end":{"line":272,"column":null}},"101":{"start":{"line":275,"column":2},"end":{"line":297,"column":null}},"102":{"start":{"line":276,"column":19},"end":{"line":276,"column":null}},"103":{"start":{"line":277,"column":4},"end":{"line":295,"column":null}},"104":{"start":{"line":279,"column":6},"end":{"line":279,"column":null}},"105":{"start":{"line":280,"column":6},"end":{"line":280,"column":null}},"106":{"start":{"line":281,"column":6},"end":{"line":281,"column":null}},"107":{"start":{"line":282,"column":6},"end":{"line":282,"column":null}},"108":{"start":{"line":283,"column":6},"end":{"line":283,"column":null}},"109":{"start":{"line":284,"column":6},"end":{"line":284,"column":null}},"110":{"start":{"line":287,"column":6},"end":{"line":287,"column":null}},"111":{"start":{"line":288,"column":6},"end":{"line":288,"column":null}},"112":{"start":{"line":289,"column":6},"end":{"line":289,"column":null}},"113":{"start":{"line":290,"column":6},"end":{"line":290,"column":null}},"114":{"start":{"line":291,"column":6},"end":{"line":293,"column":null}},"115":{"start":{"line":292,"column":8},"end":{"line":292,"column":null}},"116":{"start":{"line":294,"column":6},"end":{"line":294,"column":null}},"117":{"start":{"line":296,"column":4},"end":{"line":296,"column":null}},"118":{"start":{"line":300,"column":2},"end":{"line":308,"column":null}},"119":{"start":{"line":301,"column":4},"end":{"line":301,"column":null}},"120":{"start":{"line":302,"column":4},"end":{"line":302,"column":null}},"121":{"start":{"line":303,"column":4},"end":{"line":303,"column":null}},"122":{"start":{"line":305,"column":4},"end":{"line":305,"column":null}},"123":{"start":{"line":306,"column":4},"end":{"line":306,"column":null}},"124":{"start":{"line":307,"column":4},"end":{"line":307,"column":null}},"125":{"start":{"line":312,"column":2},"end":{"line":312,"column":null}},"126":{"start":{"line":313,"column":2},"end":{"line":313,"column":null}},"127":{"start":{"line":315,"column":2},"end":{"line":315,"column":null}},"128":{"start":{"line":316,"column":2},"end":{"line":316,"column":null}},"129":{"start":{"line":317,"column":2},"end":{"line":317,"column":null}},"130":{"start":{"line":318,"column":2},"end":{"line":318,"column":null}},"131":{"start":{"line":319,"column":2},"end":{"line":319,"column":null}},"132":{"start":{"line":320,"column":2},"end":{"line":320,"column":null}},"133":{"start":{"line":321,"column":2},"end":{"line":321,"column":null}},"134":{"start":{"line":322,"column":2},"end":{"line":322,"column":null}},"135":{"start":{"line":324,"column":2},"end":{"line":327,"column":null}},"136":{"start":{"line":325,"column":4},"end":{"line":325,"column":null}},"137":{"start":{"line":326,"column":4},"end":{"line":326,"column":null}},"138":{"start":{"line":331,"column":2},"end":{"line":331,"column":null}},"139":{"start":{"line":332,"column":2},"end":{"line":332,"column":null}},"140":{"start":{"line":336,"column":2},"end":{"line":336,"column":null}},"141":{"start":{"line":339,"column":0},"end":{"line":343,"column":null}},"142":{"start":{"line":340,"column":2},"end":{"line":340,"column":null}},"143":{"start":{"line":341,"column":2},"end":{"line":341,"column":null}},"144":{"start":{"line":342,"column":2},"end":{"line":342,"column":null}},"145":{"start":{"line":345,"column":0},"end":{"line":345,"column":null}},"146":{"start":{"line":2,"column":7},"end":{"line":2,"column":null}},"147":{"start":{"line":43,"column":12},"end":{"line":43,"column":34}},"148":{"start":{"line":54,"column":14},"end":{"line":54,"column":36}}},"fnMap":{"0":{"name":"(anonymous_0)","decl":{"start":{"line":124,"column":19},"end":{"line":124,"column":25}},"loc":{"start":{"line":124,"column":25},"end":{"line":129,"column":1}},"line":124},"1":{"name":"(anonymous_1)","decl":{"start":{"line":131,"column":19},"end":{"line":131,"column":25}},"loc":{"start":{"line":131,"column":25},"end":{"line":136,"column":1}},"line":131},"2":{"name":"(anonymous_2)","decl":{"start":{"line":138,"column":24},"end":{"line":138,"column":30}},"loc":{"start":{"line":138,"column":30},"end":{"line":143,"column":1}},"line":138},"3":{"name":"(anonymous_3)","decl":{"start":{"line":145,"column":24},"end":{"line":145,"column":30}},"loc":{"start":{"line":145,"column":30},"end":{"line":150,"column":1}},"line":145},"4":{"name":"(anonymous_4)","decl":{"start":{"line":152,"column":26},"end":{"line":152,"column":32}},"loc":{"start":{"line":152,"column":32},"end":{"line":157,"column":1}},"line":152},"5":{"name":"(anonymous_5)","decl":{"start":{"line":159,"column":27},"end":{"line":159,"column":33}},"loc":{"start":{"line":159,"column":33},"end":{"line":164,"column":1}},"line":159},"6":{"name":"(anonymous_6)","decl":{"start":{"line":166,"column":26},"end":{"line":166,"column":32}},"loc":{"start":{"line":166,"column":32},"end":{"line":166,"column":55}},"line":166},"7":{"name":"(anonymous_7)","decl":{"start":{"line":169,"column":28},"end":{"line":169,"column":35}},"loc":{"start":{"line":169,"column":35},"end":{"line":169,"column":71}},"line":169},"8":{"name":"(anonymous_8)","decl":{"start":{"line":171,"column":32},"end":{"line":171,"column":38}},"loc":{"start":{"line":171,"column":38},"end":{"line":171,"column":78}},"line":171},"9":{"name":"draw","decl":{"start":{"line":196,"column":15},"end":{"line":196,"column":22}},"loc":{"start":{"line":196,"column":22},"end":{"line":222,"column":null}},"line":196},"10":{"name":"handleStart","decl":{"start":{"line":224,"column":9},"end":{"line":224,"column":21}},"loc":{"start":{"line":224,"column":49},"end":{"line":241,"column":null}},"line":224},"11":{"name":"handleMove","decl":{"start":{"line":243,"column":9},"end":{"line":243,"column":20}},"loc":{"start":{"line":243,"column":48},"end":{"line":261,"column":null}},"line":243},"12":{"name":"handleEnd","decl":{"start":{"line":263,"column":9},"end":{"line":263,"column":21}},"loc":{"start":{"line":263,"column":21},"end":{"line":309,"column":null}},"line":263},"13":{"name":"(anonymous_13)","decl":{"start":{"line":291,"column":17},"end":{"line":291,"column":23}},"loc":{"start":{"line":291,"column":23},"end":{"line":293,"column":9}},"line":291},"14":{"name":"resetPosition","decl":{"start":{"line":311,"column":9},"end":{"line":311,"column":25}},"loc":{"start":{"line":311,"column":25},"end":{"line":328,"column":null}},"line":311},"15":{"name":"(anonymous_15)","decl":{"start":{"line":324,"column":13},"end":{"line":324,"column":19}},"loc":{"start":{"line":324,"column":19},"end":{"line":327,"column":5}},"line":324},"16":{"name":"refresh","decl":{"start":{"line":330,"column":15},"end":{"line":330,"column":25}},"loc":{"start":{"line":330,"column":25},"end":{"line":333,"column":null}},"line":330},"17":{"name":"verify","decl":{"start":{"line":335,"column":9},"end":{"line":335,"column":18}},"loc":{"start":{"line":335,"column":18},"end":{"line":337,"column":null}},"line":335},"18":{"name":"(anonymous_18)","decl":{"start":{"line":339,"column":10},"end":{"line":339,"column":22}},"loc":{"start":{"line":339,"column":22},"end":{"line":343,"column":1}},"line":339}},"branchMap":{"0":{"loc":{"start":{"line":125,"column":2},"end":{"line":127,"column":null}},"type":"if","locations":[{"start":{"line":125,"column":2},"end":{"line":127,"column":null}},{"start":{},"end":{}}],"line":125},"1":{"loc":{"start":{"line":126,"column":11},"end":{"line":126,"column":null}},"type":"cond-expr","locations":[{"start":{"line":126,"column":53},"end":{"line":126,"column":67}},{"start":{"line":126,"column":67},"end":{"line":126,"column":null}}],"line":126},"2":{"loc":{"start":{"line":132,"column":2},"end":{"line":134,"column":null}},"type":"if","locations":[{"start":{"line":132,"column":2},"end":{"line":134,"column":null}},{"start":{},"end":{}}],"line":132},"3":{"loc":{"start":{"line":133,"column":11},"end":{"line":133,"column":null}},"type":"cond-expr","locations":[{"start":{"line":133,"column":54},"end":{"line":133,"column":69}},{"start":{"line":133,"column":69},"end":{"line":133,"column":null}}],"line":133},"4":{"loc":{"start":{"line":139,"column":2},"end":{"line":141,"column":null}},"type":"if","locations":[{"start":{"line":139,"column":2},"end":{"line":141,"column":null}},{"start":{},"end":{}}],"line":139},"5":{"loc":{"start":{"line":146,"column":2},"end":{"line":148,"column":null}},"type":"if","locations":[{"start":{"line":146,"column":2},"end":{"line":148,"column":null}},{"start":{},"end":{}}],"line":146},"6":{"loc":{"start":{"line":153,"column":2},"end":{"line":155,"column":null}},"type":"if","locations":[{"start":{"line":153,"column":2},"end":{"line":155,"column":null}},{"start":{},"end":{}}],"line":153},"7":{"loc":{"start":{"line":160,"column":2},"end":{"line":162,"column":null}},"type":"if","locations":[{"start":{"line":160,"column":2},"end":{"line":162,"column":null}},{"start":{},"end":{}}],"line":160},"8":{"loc":{"start":{"line":169,"column":35},"end":{"line":169,"column":71}},"type":"cond-expr","locations":[{"start":{"line":169,"column":52},"end":{"line":169,"column":63}},{"start":{"line":169,"column":63},"end":{"line":169,"column":71}}],"line":169},"9":{"loc":{"start":{"line":171,"column":38},"end":{"line":171,"column":78}},"type":"binary-expr","locations":[{"start":{"line":171,"column":38},"end":{"line":171,"column":55}},{"start":{"line":171,"column":55},"end":{"line":171,"column":78}}],"line":171},"10":{"loc":{"start":{"line":197,"column":2},"end":{"line":197,"column":null}},"type":"if","locations":[{"start":{"line":197,"column":2},"end":{"line":197,"column":null}},{"start":{},"end":{}}],"line":197},"11":{"loc":{"start":{"line":200,"column":17},"end":{"line":200,"column":null}},"type":"binary-expr","locations":[{"start":{"line":200,"column":17},"end":{"line":200,"column":33}},{"start":{"line":200,"column":33},"end":{"line":200,"column":null}}],"line":200},"12":{"loc":{"start":{"line":201,"column":2},"end":{"line":206,"column":null}},"type":"if","locations":[{"start":{"line":201,"column":2},"end":{"line":206,"column":null}},{"start":{},"end":{}}],"line":201},"13":{"loc":{"start":{"line":201,"column":6},"end":{"line":201,"column":49}},"type":"binary-expr","locations":[{"start":{"line":201,"column":6},"end":{"line":201,"column":23}},{"start":{"line":201,"column":23},"end":{"line":201,"column":49}}],"line":201},"14":{"loc":{"start":{"line":216,"column":2},"end":{"line":221,"column":null}},"type":"if","locations":[{"start":{"line":216,"column":2},"end":{"line":221,"column":null}},{"start":{},"end":{}}],"line":216},"15":{"loc":{"start":{"line":216,"column":6},"end":{"line":216,"column":43}},"type":"binary-expr","locations":[{"start":{"line":216,"column":6},"end":{"line":216,"column":24}},{"start":{"line":216,"column":24},"end":{"line":216,"column":43}}],"line":216},"16":{"loc":{"start":{"line":225,"column":2},"end":{"line":225,"column":null}},"type":"if","locations":[{"start":{"line":225,"column":2},"end":{"line":225,"column":null}},{"start":{},"end":{}}],"line":225},"17":{"loc":{"start":{"line":227,"column":12},"end":{"line":227,"column":null}},"type":"cond-expr","locations":[{"start":{"line":227,"column":38},"end":{"line":227,"column":50}},{"start":{"line":227,"column":50},"end":{"line":227,"column":null}}],"line":227},"18":{"loc":{"start":{"line":244,"column":2},"end":{"line":244,"column":null}},"type":"if","locations":[{"start":{"line":244,"column":2},"end":{"line":244,"column":null}},{"start":{},"end":{}}],"line":244},"19":{"loc":{"start":{"line":246,"column":12},"end":{"line":246,"column":null}},"type":"cond-expr","locations":[{"start":{"line":246,"column":38},"end":{"line":246,"column":50}},{"start":{"line":246,"column":50},"end":{"line":246,"column":null}}],"line":246},"20":{"loc":{"start":{"line":250,"column":2},"end":{"line":250,"column":null}},"type":"if","locations":[{"start":{"line":250,"column":2},"end":{"line":250,"column":null}},{"start":{},"end":{}}],"line":250},"21":{"loc":{"start":{"line":251,"column":2},"end":{"line":258,"column":null}},"type":"if","locations":[{"start":{"line":251,"column":2},"end":{"line":258,"column":null}},{"start":{"line":256,"column":9},"end":{"line":258,"column":null}}],"line":251},"22":{"loc":{"start":{"line":253,"column":4},"end":{"line":255,"column":null}},"type":"if","locations":[{"start":{"line":253,"column":4},"end":{"line":255,"column":null}},{"start":{},"end":{}}],"line":253},"23":{"loc":{"start":{"line":254,"column":26},"end":{"line":254,"column":null}},"type":"binary-expr","locations":[{"start":{"line":254,"column":26},"end":{"line":254,"column":51}},{"start":{"line":254,"column":51},"end":{"line":254,"column":null}}],"line":254},"24":{"loc":{"start":{"line":264,"column":2},"end":{"line":264,"column":null}},"type":"if","locations":[{"start":{"line":264,"column":2},"end":{"line":264,"column":null}},{"start":{},"end":{}}],"line":264},"25":{"loc":{"start":{"line":275,"column":2},"end":{"line":297,"column":null}},"type":"if","locations":[{"start":{"line":275,"column":2},"end":{"line":297,"column":null}},{"start":{},"end":{}}],"line":275},"26":{"loc":{"start":{"line":277,"column":4},"end":{"line":295,"column":null}},"type":"if","locations":[{"start":{"line":277,"column":4},"end":{"line":295,"column":null}},{"start":{"line":285,"column":11},"end":{"line":295,"column":null}}],"line":277},"27":{"loc":{"start":{"line":300,"column":2},"end":{"line":308,"column":null}},"type":"if","locations":[{"start":{"line":300,"column":2},"end":{"line":308,"column":null}},{"start":{"line":304,"column":9},"end":{"line":308,"column":null}}],"line":300},"28":{"loc":{"start":{"line":12,"column":14},"end":{"line":17,"column":null}},"type":"cond-expr","locations":[{"start":{"line":12,"column":14},"end":{"line":17,"column":null}},{"start":{"line":17,"column":17},"end":{"line":17,"column":null}}],"line":12}},"s":{"0":31,"1":31,"2":31,"3":30,"4":1,"5":29,"6":31,"7":8,"8":0,"9":8,"10":31,"11":8,"12":0,"13":8,"14":31,"15":8,"16":0,"17":8,"18":31,"19":31,"20":1,"21":30,"22":31,"23":31,"24":1,"25":30,"26":31,"27":31,"28":31,"29":31,"30":31,"31":31,"32":31,"33":31,"34":31,"35":31,"36":31,"37":31,"38":31,"39":31,"40":31,"41":31,"42":31,"43":31,"44":31,"45":31,"46":31,"47":31,"48":31,"49":31,"50":31,"51":34,"52":25,"53":9,"54":34,"55":0,"56":0,"57":0,"58":9,"59":0,"60":0,"61":0,"62":0,"63":0,"64":0,"65":0,"66":0,"67":2,"68":0,"69":2,"70":2,"71":2,"72":2,"73":2,"74":2,"75":2,"76":2,"77":2,"78":2,"79":2,"80":2,"81":1,"82":0,"83":1,"84":1,"85":1,"86":0,"87":1,"88":0,"89":0,"90":0,"91":1,"92":1,"93":1,"94":0,"95":1,"96":1,"97":1,"98":1,"99":1,"100":1,"101":1,"102":1,"103":1,"104":0,"105":0,"106":0,"107":0,"108":0,"109":0,"110":1,"111":1,"112":1,"113":1,"114":1,"115":0,"116":1,"117":1,"118":0,"119":0,"120":0,"121":0,"122":0,"123":0,"124":0,"125":4,"126":4,"127":4,"128":4,"129":4,"130":4,"131":4,"132":4,"133":4,"134":4,"135":4,"136":0,"137":0,"138":3,"139":3,"140":1,"141":31,"142":31,"143":31,"144":23,"145":31,"146":2,"147":2,"148":2},"f":{"0":30,"1":8,"2":8,"3":8,"4":31,"5":31,"6":31,"7":31,"8":31,"9":34,"10":2,"11":1,"12":1,"13":0,"14":4,"15":0,"16":3,"17":1,"18":31},"b":{"0":[1,29],"1":[0,1],"2":[0,8],"3":[0,0],"4":[0,8],"5":[0,8],"6":[1,30],"7":[1,30],"8":[8,23],"9":[31,30],"10":[25,9],"11":[9,9],"12":[0,34],"13":[34,0],"14":[0,0],"15":[0,0],"16":[0,2],"17":[2,0],"18":[0,1],"19":[1,0],"20":[0,1],"21":[0,1],"22":[0,0],"23":[0,0],"24":[0,1],"25":[1,0],"26":[0,1],"27":[0,0],"28":[17,0]},"meta":{"lastBranch":0,"lastFunction":0,"lastStatement":0,"seen":{}}}
,"/home/ziyang/Documents/www/vue3-verify/src/components/Verify.vue": {"path":"/home/ziyang/Documents/www/vue3-verify/src/components/Verify.vue","statementMap":{"0":{"start":{"line":18,"column":14},"end":{"line":18,"column":null}},"1":{"start":{"line":23,"column":6},"end":{"line":23,"column":null}},"2":{"start":{"line":24,"column":6},"end":{"line":24,"column":null}},"3":{"start":{"line":26,"column":6},"end":{"line":26,"column":null}},"4":{"start":{"line":27,"column":33},"end":{"line":33,"column":null}},"5":{"start":{"line":35,"column":6},"end":{"line":47,"column":null}},"6":{"start":{"line":36,"column":20},"end":{"line":39,"column":null}},"7":{"start":{"line":41,"column":2},"end":{"line":46,"column":null}},"8":{"start":{"line":43,"column":6},"end":{"line":43,"column":null}},"9":{"start":{"line":45,"column":6},"end":{"line":45,"column":null}},"10":{"start":{"line":49,"column":0},"end":{"line":55,"column":null}},"11":{"start":{"line":50,"column":8},"end":{"line":50,"column":null}},"12":{"start":{"line":52,"column":4},"end":{"line":52,"column":null}},"13":{"start":{"line":57,"column":0},"end":{"line":64,"column":null}},"14":{"start":{"line":59,"column":4},"end":{"line":59,"column":null}},"15":{"start":{"line":62,"column":4},"end":{"line":62,"column":null}},"16":{"start":{"line":2,"column":30},"end":{"line":2,"column":80}}},"fnMap":{"0":{"name":"(anonymous_0)","decl":{"start":{"line":35,"column":31},"end":{"line":35,"column":37}},"loc":{"start":{"line":35,"column":37},"end":{"line":47,"column":1}},"line":35},"1":{"name":"(anonymous_1)","decl":{"start":{"line":50,"column":2},"end":{"line":50,"column":8}},"loc":{"start":{"line":50,"column":8},"end":{"line":50,"column":null}},"line":50},"2":{"name":"(anonymous_2)","decl":{"start":{"line":51,"column":2},"end":{"line":51,"column":7}},"loc":{"start":{"line":51,"column":7},"end":{"line":53,"column":null}},"line":51},"3":{"name":"(anonymous_3)","decl":{"start":{"line":58,"column":2},"end":{"line":58,"column":12}},"loc":{"start":{"line":58,"column":25},"end":{"line":60,"column":null}},"line":58},"4":{"name":"(anonymous_4)","decl":{"start":{"line":61,"column":2},"end":{"line":61,"column":13}},"loc":{"start":{"line":61,"column":26},"end":{"line":63,"column":null}},"line":61}},"branchMap":{"0":{"loc":{"start":{"line":41,"column":2},"end":{"line":46,"column":null}},"type":"switch","locations":[{"start":{"line":42,"column":4},"end":{"line":43,"column":null}},{"start":{"line":44,"column":4},"end":{"line":45,"column":null}}],"line":41},"1":{"loc":{"start":{"line":52,"column":17},"end":{"line":52,"column":null}},"type":"binary-expr","locations":[{"start":{"line":52,"column":17},"end":{"line":52,"column":27}},{"start":{"line":52,"column":27},"end":{"line":52,"column":null}}],"line":52},"2":{"loc":{"start":{"line":2,"column":30},"end":{"line":2,"column":80}},"type":"cond-expr","locations":[{"start":{"line":2,"column":30},"end":{"line":2,"column":80}},{"start":{"line":2,"column":77},"end":{"line":2,"column":80}}],"line":2}},"s":{"0":9,"1":9,"2":9,"3":9,"4":9,"5":9,"6":9,"7":9,"8":1,"9":8,"10":9,"11":9,"12":9,"13":9,"14":1,"15":1,"16":9},"f":{"0":9,"1":9,"2":9,"3":1,"4":1},"b":{"0":[1,8],"1":[9,0],"2":[9,0]},"meta":{"lastBranch":3,"lastFunction":5,"lastStatement":17,"seen":{"s:18:14:18:Infinity":0,"s:23:6:23:Infinity":1,"s:24:6:24:Infinity":2,"s:26:6:26:Infinity":3,"s:27:33:33:Infinity":4,"s:35:6:47:Infinity":5,"f:35:31:35:37":0,"s:36:20:39:Infinity":6,"b:42:4:43:Infinity:44:4:45:Infinity":0,"s:41:2:46:Infinity":7,"s:43:6:43:Infinity":8,"s:45:6:45:Infinity":9,"s:49:0:55:Infinity":10,"f:50:2:50:8":1,"s:50:8:50:Infinity":11,"f:51:2:51:7":2,"s:52:4:52:Infinity":12,"b:52:17:52:27:52:27:52:Infinity":1,"s:57:0:64:Infinity":13,"f:58:2:58:12":3,"s:59:4:59:Infinity":14,"f:61:2:61:13":4,"s:62:4:62:Infinity":15,"s:2:30:2:80":16,"b:2:30:2:80:2:77:2:80":2}}}
,"/home/ziyang/Documents/www/vue3-verify/src/locales/en-US.ts": {"path":"/home/ziyang/Documents/www/vue3-verify/src/locales/en-US.ts","statementMap":{},"fnMap":{},"branchMap":{},"s":{},"f":{},"b":{},"meta":{"lastBranch":0,"lastFunction":0,"lastStatement":0,"seen":{}}}
,"/home/ziyang/Documents/www/vue3-verify/src/locales/index.ts": {"path":"/home/ziyang/Documents/www/vue3-verify/src/locales/index.ts","statementMap":{"0":{"start":{"line":9,"column":59},"end":{"line":12,"column":null}},"1":{"start":{"line":22,"column":49},"end":{"line":22,"column":null}},"2":{"start":{"line":24,"column":2},"end":{"line":30,"column":null}},"3":{"start":{"line":25,"column":21},"end":{"line":25,"column":null}},"4":{"start":{"line":26,"column":4},"end":{"line":29,"column":null}},"5":{"start":{"line":34,"column":2},"end":{"line":34,"column":null}},"6":{"start":{"line":34,"column":51},"end":{"line":34,"column":68}}},"fnMap":{"0":{"name":"useLocale","decl":{"start":{"line":21,"column":16},"end":{"line":21,"column":26}},"loc":{"start":{"line":21,"column":90},"end":{"line":31,"column":null}},"line":21},"1":{"name":"(anonymous_1)","decl":{"start":{"line":24,"column":18},"end":{"line":24,"column":24}},"loc":{"start":{"line":24,"column":24},"end":{"line":30,"column":3}},"line":24},"2":{"name":"t","decl":{"start":{"line":33,"column":16},"end":{"line":33,"column":18}},"loc":{"start":{"line":33,"column":74},"end":{"line":35,"column":null}},"line":33},"3":{"name":"(anonymous_3)","decl":{"start":{"line":34,"column":39},"end":{"line":34,"column":40}},"loc":{"start":{"line":34,"column":51},"end":{"line":34,"column":68}},"line":34}},"branchMap":{"0":{"loc":{"start":{"line":21,"column":40},"end":{"line":21,"column":90}},"type":"default-arg","locations":[{"start":{"line":21,"column":68},"end":{"line":21,"column":90}}],"line":21},"1":{"loc":{"start":{"line":22,"column":10},"end":{"line":22,"column":28}},"type":"default-arg","locations":[{"start":{"line":22,"column":19},"end":{"line":22,"column":28}}],"line":22},"2":{"loc":{"start":{"line":22,"column":28},"end":{"line":22,"column":45}},"type":"default-arg","locations":[{"start":{"line":22,"column":42},"end":{"line":22,"column":45}}],"line":22},"3":{"loc":{"start":{"line":25,"column":21},"end":{"line":25,"column":null}},"type":"binary-expr","locations":[{"start":{"line":25,"column":21},"end":{"line":25,"column":83}},{"start":{"line":25,"column":83},"end":{"line":25,"column":null}}],"line":25},"4":{"loc":{"start":{"line":33,"column":32},"end":{"line":33,"column":74}},"type":"default-arg","locations":[{"start":{"line":33,"column":62},"end":{"line":33,"column":74}}],"line":33},"5":{"loc":{"start":{"line":34,"column":51},"end":{"line":34,"column":68}},"type":"binary-expr","locations":[{"start":{"line":34,"column":51},"end":{"line":34,"column":66}},{"start":{"line":34,"column":66},"end":{"line":34,"column":68}}],"line":34}},"s":{"0":4,"1":68,"2":68,"3":40,"4":40,"5":7,"6":7},"f":{"0":68,"1":40,"2":7,"3":7},"b":{"0":[68],"1":[68],"2":[68],"3":[40,1],"4":[7],"5":[7,1]},"meta":{"lastBranch":6,"lastFunction":4,"lastStatement":7,"seen":{"s:9:59:12:Infinity":0,"f:21:16:21:26":0,"b:21:68:21:90":0,"s:22:49:22:Infinity":1,"b:22:19:22:28":1,"b:22:42:22:45":2,"s:24:2:30:Infinity":2,"f:24:18:24:24":1,"s:25:21:25:Infinity":3,"b:25:21:25:83:25:83:25:Infinity":3,"s:26:4:29:Infinity":4,"f:33:16:33:18":2,"b:33:62:33:74":4,"s:34:2:34:Infinity":5,"f:34:39:34:40":3,"s:34:51:34:68":6,"b:34:51:34:66:34:66:34:68":5}}}
,"/home/ziyang/Documents/www/vue3-verify/src/locales/zh-CN.ts": {"path":"/home/ziyang/Documents/www/vue3-verify/src/locales/zh-CN.ts","statementMap":{},"fnMap":{},"branchMap":{},"s":{},"f":{},"b":{},"meta":{"lastBranch":0,"lastFunction":0,"lastStatement":0,"seen":{}}}
}
